version 0.0.0.1:
  First, unstable version of SDP (Simple Data Processing).
  
  Added Indexed class.
  Added Linear class.
  Added Set class.
  
  Added IndexException type.
  Added Estimate class.
  Added Index class.
  Added Scan class.
  Added Zip class.

version 0.0.0.2:
  Added Array type (rewrited GHC.Arr).

version 0.0.0.3:
  A lot of code was tested.
  Many stupid bugs were fixed.
  Сommon tests for standard classes were added.
  There are no other notable changes.

version 0.0.0.4:
  Changed Linear class.
  Added LineS and Split classes.
  Added Unrolled linked list type.
  Added Tuple instances for Index.

version 0.0.0.5:
  Fixed unsafeIndex for unsigned types - (toEnum (-1)) fail.
  Structures with unsigned indices now indexed from (toEnum 1).
  Added haddock documentation.

version 0.0.0.6:
  Added Sort class.
  Added new dependency: ghc-prim >= 0.5.3 (to use ~~ class).

version 0.0.0.7:
  Linear and LineS now completely (formally) independent of Foldable.
  [internal]: Added STUArray (rewrited Data.Array.Base type).

version 0.0.0.8:
  Service class Unboxed for ByteArray added.

version 0.0.0.9:
  Bytes (UArray analogue) added.
  Implemented lost fucntions (prefix, suffix) for list.
  Test suite rewrited and documented.
  Changed Unboxed class (removed fillByteArray# and changed newUnboxed implementation).
  Repaired SDP.Bytes.fromList

version 0.0.0.10:
  ByteList (Unrolled + UArray) added.
  Added functions parts, partitions, stripPrefix and stripSuffix.

version 0.0.0.11:
  Binary trees added.

version 0.0.1.0:
  Added UnreachableException type.
  
  Some bugfixes and stabilization.

version 0.0.1.1:
  Added Set instance for BinTree.
  Added Semigroup and Monoid instances.

version 0.0.1.2:
  Added IsString instances.
  Added IsList instances.

version 0.0.2.0:
  Fixed old bug in SDP.Index.inBounds ("wrong" Ord for default declaration).
  Added service class IndexEQ for trivial index declarations.
  Added Index instances for 2- .. 15-dimensional tuples.
  
  Added BorderedM, LinearM, IndexedM and SortM classes.
  Added STArray, STBytes, STUnrolled, STByteList, STUnlist and STUblist.
  
  Added Index instances for 2- ... 15-dimensional indices.
  
  Removed Stability properties, changed Safety of some modules.

version 0.1.0.0:
  Added (!^) and fromIndexed functions to Indexed class.
  Added (!#>), fromIndexed' and fromIndexedM procedures to IndexedM class.
  
  Removed arrcopy procedure (moved to private section of SDP.SortM.Stuff).
  write function moved back to Indexed, added write_ function.
  
  Added SortM instances for STUnrolled, STByteList, STUnlist and STUblist.
  Added Sort  instances for Unrolled, ByteList, Unlist, Ublist and BinTree.
  
  Added Test.SDP.Sort module (very short).
  Added Thaw and Freeze classes.





